   0  $accept : program $end

   1  program : PRINT expr SEMI
   2          | error SEMI

   3  expr : expr PLUS expr
   4       | expr MINUS expr
   5       | MINUS expr
   6       | INTEGER

state 0
	$accept : . program $end  (0)

	error  shift 1
	PRINT  shift 2
	.  error

	program  goto 3


state 1
	program : error . SEMI  (2)

	SEMI  shift 4
	.  error


state 2
	program : PRINT . expr SEMI  (1)

	MINUS  shift 5
	INTEGER  shift 6
	.  error

	expr  goto 7


state 3
	$accept : program . $end  (0)

	$end  accept


state 4
	program : error SEMI .  (2)

	.  reduce 2


state 5
	expr : MINUS . expr  (5)

	MINUS  shift 5
	INTEGER  shift 6
	.  error

	expr  goto 8


state 6
	expr : INTEGER .  (6)

	.  reduce 6


state 7
	program : PRINT expr . SEMI  (1)
	expr : expr . PLUS expr  (3)
	expr : expr . MINUS expr  (4)

	PLUS  shift 9
	MINUS  shift 10
	SEMI  shift 11
	.  error


state 8
	expr : expr . PLUS expr  (3)
	expr : expr . MINUS expr  (4)
	expr : MINUS expr .  (5)

	.  reduce 5


state 9
	expr : expr PLUS . expr  (3)

	MINUS  shift 5
	INTEGER  shift 6
	.  error

	expr  goto 12


state 10
	expr : expr MINUS . expr  (4)

	MINUS  shift 5
	INTEGER  shift 6
	.  error

	expr  goto 13


state 11
	program : PRINT expr SEMI .  (1)

	.  reduce 1


state 12
	expr : expr . PLUS expr  (3)
	expr : expr PLUS expr .  (3)
	expr : expr . MINUS expr  (4)

	.  reduce 3


state 13
	expr : expr . PLUS expr  (3)
	expr : expr . MINUS expr  (4)
	expr : expr MINUS expr .  (4)

	.  reduce 4


8 terminals, 3 nonterminals
7 grammar rules, 14 states

grammar parser grammar
symbol# value# symbol
     0      0  $end
     1    256  error
     2    257  PRINT
     3    258  PLUS
     4    259  MINUS
     5    260  INTEGER
     6    261  SEMI
     7    262  UMINUS
     8    263  $accept
     9    264  program
    10    265  expr
